<?xml version="1.0" encoding="UTF-8"?>
<testng-results skipped="0" failed="0" ignored="0" total="1" passed="1">
  <reporter-output>
  </reporter-output>
  <suite name="Default suite" duration-ms="7586" started-at="2018-06-21T10:29:35Z" finished-at="2018-06-21T10:29:43Z">
    <groups>
    </groups>
    <test name="Default test" duration-ms="7586" started-at="2018-06-21T10:29:35Z" finished-at="2018-06-21T10:29:43Z">
      <class name="pcg1.Test1">
        <test-method status="PASS" signature="setUp()[pri:0, instance:pcg1.Test1@3ffc5af1]" name="setUp" is-config="true" duration-ms="6325" started-at="2018-06-21T12:29:35Z" finished-at="2018-06-21T12:29:41Z">
          <reporter-output>
          </reporter-output>
        </test-method> <!-- setUp -->
        <test-method status="PASS" signature="test()[pri:0, instance:pcg1.Test1@3ffc5af1]" name="test" duration-ms="919" started-at="2018-06-21T12:29:41Z" finished-at="2018-06-21T12:29:42Z">
          <reporter-output>
          </reporter-output>
        </test-method> <!-- test -->
        <test-method status="PASS" signature="tearDown()[pri:0, instance:pcg1.Test1@3ffc5af1]" name="tearDown" is-config="true" duration-ms="333" started-at="2018-06-21T12:29:42Z" finished-at="2018-06-21T12:29:43Z">
          <reporter-output>
          </reporter-output>
        </test-method> <!-- tearDown -->
      </class> <!-- pcg1.Test1 -->
    </test> <!-- Default test -->
  </suite> <!-- Default suite -->
</testng-results>
